2025-12-17 12:36:22 - Failed to fetch metadata for https://www.tiktok.com/@lausmediatz/video/7562839750344707340: Locator.inner_text: Timeout 30000ms exceeded.
Call log:
  - waiting for locator("strong[data-e2e=\"comment-count\"]").first

2025-12-17 12:36:23 - Failed to fetch metadata for https://www.tiktok.com/@realjadrolita/video/7580808558648904978: Locator.inner_text: Timeout 30000ms exceeded.
Call log:
  - waiting for locator("strong[data-e2e=\"comment-count\"]").first

2025-12-17 12:36:23 - Failed to fetch metadata for https://www.tiktok.com/@greconunez__/video/7562377291741941048: Locator.inner_text: Timeout 30000ms exceeded.
Call log:
  - waiting for locator("strong[data-e2e=\"comment-count\"]").first

2025-12-17 12:36:24 - Failed to fetch metadata for https://www.tiktok.com/@yum.bubs/video/7583403847540870430: Locator.inner_text: Timeout 30000ms exceeded.
Call log:
  - waiting for locator("strong[data-e2e=\"comment-count\"]").first

2025-12-17 12:36:24 - Failed to fetch metadata for https://www.tiktok.com/@rexsenpaianimation3/video/7573336474196757768: Locator.inner_text: Timeout 30000ms exceeded.
Call log:
  - waiting for locator("strong[data-e2e=\"comment-count\"]").first

2025-12-17 12:36:24 - Failed to fetch metadata for https://www.tiktok.com/@jkcoffee.tea0741274107/video/7581802833348021515: Locator.inner_text: Timeout 30000ms exceeded.
Call log:
  - waiting for locator("strong[data-e2e=\"comment-count\"]").first

2025-12-17 12:36:24 - Failed to fetch metadata for https://www.tiktok.com/@lifebykristian/video/7554008634989038855: Locator.inner_text: Timeout 30000ms exceeded.
Call log:
  - waiting for locator("strong[data-e2e=\"comment-count\"]").first

2025-12-17 12:36:24 - Failed to fetch metadata for https://www.tiktok.com/@jhonasstk/video/7574947172567780626: Locator.inner_text: Timeout 30000ms exceeded.
Call log:
  - waiting for locator("strong[data-e2e=\"comment-count\"]").first

2025-12-17 12:36:24 - Failed to fetch metadata for https://www.tiktok.com/@cuteanimalfamily00/video/7583143688277380355: Locator.inner_text: Timeout 30000ms exceeded.
Call log:
  - waiting for locator("strong[data-e2e=\"comment-count\"]").first

2025-12-17 12:36:24 - Failed to fetch metadata for https://www.tiktok.com/@jcd_dancer/video/7570742544196177160: Locator.inner_text: Timeout 30000ms exceeded.
Call log:
  - waiting for locator("strong[data-e2e=\"comment-count\"]").first

2025-12-17 12:36:24 - Failed to fetch metadata for https://www.tiktok.com/@cameroon.sodaboj/video/7581023324147338552: Locator.inner_text: Timeout 30000ms exceeded.
Call log:
  - waiting for locator("strong[data-e2e=\"comment-count\"]").first

2025-12-17 12:36:24 - Failed to fetch metadata for https://www.tiktok.com/@feelsrelatablee/video/7551169476704603447: Locator.inner_text: Timeout 30000ms exceeded.
Call log:
  - waiting for locator("strong[data-e2e=\"comment-count\"]").first

2025-12-17 12:36:24 - Failed to fetch metadata for https://www.tiktok.com/@banxfu/video/7556129170623859986: Locator.inner_text: Timeout 30000ms exceeded.
Call log:
  - waiting for locator("strong[data-e2e=\"comment-count\"]").first

2025-12-17 12:36:24 - Failed to fetch metadata for https://www.tiktok.com/@emmyblog01/video/7581103797754219789: Locator.inner_text: Timeout 30000ms exceeded.
Call log:
  - waiting for locator("strong[data-e2e=\"comment-count\"]").first

2025-12-17 12:36:24 - Failed to fetch metadata for https://www.tiktok.com/@grander_me/video/7580854260598885650: Locator.inner_text: Timeout 30000ms exceeded.
Call log:
  - waiting for locator("strong[data-e2e=\"comment-count\"]").first

2025-12-17 12:36:24 - Failed to fetch metadata for https://www.tiktok.com/@ybonsum/video/7576067136079023382: Locator.inner_text: Timeout 30000ms exceeded.
Call log:
  - waiting for locator("strong[data-e2e=\"comment-count\"]").first

2025-12-17 12:36:24 - Failed to fetch metadata for https://www.tiktok.com/@sidmr.rapper4/video/7583442242992442642: Locator.inner_text: Timeout 30000ms exceeded.
Call log:
  - waiting for locator("strong[data-e2e=\"comment-count\"]").first

2025-12-17 12:36:24 - Failed to fetch metadata for https://www.tiktok.com/@rexsenpaianimation3/video/7579276856893918472: Locator.inner_text: Timeout 30000ms exceeded.
Call log:
  - waiting for locator("strong[data-e2e=\"comment-count\"]").first

2025-12-17 12:36:24 - Failed to fetch metadata for https://www.tiktok.com/@.baby1koko/video/7581878158945815830: Locator.inner_text: Timeout 30000ms exceeded.
Call log:
  - waiting for locator("strong[data-e2e=\"comment-count\"]").first

2025-12-17 12:36:24 - Failed to fetch metadata for https://www.tiktok.com/@mohammed_lexus01/video/7580726317281266962: Locator.inner_text: Timeout 30000ms exceeded.
Call log:
  - waiting for locator("strong[data-e2e=\"comment-count\"]").first

2025-12-17 12:36:25 - Failed to fetch metadata for https://www.tiktok.com/@ametab.info/video/7582153498897157406: Locator.inner_text: Timeout 30000ms exceeded.
Call log:
  - waiting for locator("strong[data-e2e=\"comment-count\"]").first

2025-12-17 12:36:25 - Failed to fetch metadata for https://www.tiktok.com/@bongotrendydigital/video/7575846090256223510: Locator.inner_text: Timeout 30000ms exceeded.
Call log:
  - waiting for locator("strong[data-e2e=\"comment-count\"]").first

2025-12-17 12:36:25 - Failed to fetch metadata for https://www.tiktok.com/@a_sapio/video/7556423593664580882: Locator.inner_text: Timeout 30000ms exceeded.
Call log:
  - waiting for locator("strong[data-e2e=\"comment-count\"]").first

2025-12-17 12:36:25 - Failed to fetch metadata for https://www.tiktok.com/@valneri62/video/7569806414378503444: Locator.inner_text: Timeout 30000ms exceeded.
Call log:
  - waiting for locator("strong[data-e2e=\"comment-count\"]").first

2025-12-17 12:36:25 - Failed to fetch metadata for https://www.tiktok.com/@valneri62/video/7580995718165318932: Locator.inner_text: Timeout 30000ms exceeded.
Call log:
  - waiting for locator("strong[data-e2e=\"comment-count\"]").first

2025-12-17 12:36:25 - Failed to fetch metadata for https://www.tiktok.com/@peak.productive/video/7567503472367504671: Locator.inner_text: Timeout 30000ms exceeded.
Call log:
  - waiting for locator("strong[data-e2e=\"comment-count\"]").first

2025-12-17 12:36:25 - Failed to fetch metadata for https://www.tiktok.com/@murciameider/video/7575002604334353684: Locator.inner_text: Timeout 30000ms exceeded.
Call log:
  - waiting for locator("strong[data-e2e=\"comment-count\"]").first

2025-12-17 12:36:25 - Failed to fetch metadata for https://www.tiktok.com/@cmpiamonte2/video/7581360128272715029: Locator.inner_text: Timeout 30000ms exceeded.
Call log:
  - waiting for locator("strong[data-e2e=\"comment-count\"]").first

2025-12-17 12:38:35 - Failed to fetch metadata for https://www.tiktok.com/@realpeller/video/7583391300217572629: Locator.inner_text: Timeout 30000ms exceeded.
Call log:
  - waiting for locator("strong[data-e2e=\"comment-count\"]").first

2025-12-17 12:38:35 - Failed to fetch metadata for https://www.tiktok.com/@cuteanimalfamily00/video/7580920807254166806: Locator.inner_text: Timeout 30000ms exceeded.
Call log:
  - waiting for locator("strong[data-e2e=\"comment-count\"]").first

2025-12-17 12:38:35 - Failed to fetch metadata for https://www.tiktok.com/@hypeclipper8/video/7581406729146027282: Locator.inner_text: Timeout 30000ms exceeded.
Call log:
  - waiting for locator("strong[data-e2e=\"comment-count\"]").first

2025-12-17 12:38:35 - Failed to fetch metadata for https://www.tiktok.com/@bongotrendydigital/video/7574111701658848534: Locator.inner_text: Timeout 30000ms exceeded.
Call log:
  - waiting for locator("strong[data-e2e=\"comment-count\"]").first

2025-12-17 12:38:35 - Failed to fetch metadata for https://www.tiktok.com/@ankonzala1/video/7580775525183016214: Locator.inner_text: Timeout 30000ms exceeded.
Call log:
  - waiting for locator("strong[data-e2e=\"comment-count\"]").first

2025-12-17 12:38:35 - Failed to fetch metadata for https://www.tiktok.com/@ankonzala1/video/7582124967278546198: Locator.inner_text: Timeout 30000ms exceeded.
Call log:
  - waiting for locator("strong[data-e2e=\"comment-count\"]").first

2025-12-17 12:38:35 - Failed to fetch metadata for https://www.tiktok.com/@cuteanimalfamily00/video/7582771656150535446: Locator.inner_text: Timeout 30000ms exceeded.
Call log:
  - waiting for locator("strong[data-e2e=\"comment-count\"]").first

2025-12-17 12:38:35 - Failed to fetch metadata for https://www.tiktok.com/@rexsenpaianimation3/video/7582226840455040277: Locator.inner_text: Timeout 30000ms exceeded.
Call log:
  - waiting for locator("strong[data-e2e=\"comment-count\"]").first

2025-12-17 12:38:35 - Failed to fetch metadata for https://www.tiktok.com/@jayvlr/video/7559073267475041556: Locator.inner_text: Timeout 30000ms exceeded.
Call log:
  - waiting for locator("strong[data-e2e=\"comment-count\"]").first

2025-12-17 12:38:35 - Failed to fetch metadata for https://www.tiktok.com/@greconunez__/video/7550420753150135558: Locator.inner_text: Timeout 30000ms exceeded.
Call log:
  - waiting for locator("strong[data-e2e=\"comment-count\"]").first

2025-12-17 12:38:35 - Failed to fetch metadata for https://www.tiktok.com/@ankonzala1/video/7576624383645469974: Locator.inner_text: Timeout 30000ms exceeded.
Call log:
  - waiting for locator("strong[data-e2e=\"comment-count\"]").first

2025-12-17 12:38:35 - Failed to fetch metadata for https://www.tiktok.com/@tsbonboncolors/video/7581905540939287830: Locator.inner_text: Timeout 30000ms exceeded.
Call log:
  - waiting for locator("strong[data-e2e=\"comment-count\"]").first

2025-12-17 12:38:35 - Failed to fetch metadata for https://www.tiktok.com/@clipsavage2/video/7581238989626117383: Locator.inner_text: Timeout 30000ms exceeded.
Call log:
  - waiting for locator("strong[data-e2e=\"comment-count\"]").first

2025-12-17 12:38:35 - Failed to fetch metadata for https://www.tiktok.com/@peaktyler/video/7570068571598884151: Locator.inner_text: Timeout 30000ms exceeded.
Call log:
  - waiting for locator("strong[data-e2e=\"comment-count\"]").first

2025-12-17 12:38:35 - Failed to fetch metadata for https://www.tiktok.com/@hannahrodosky/video/7574875858360470815: Locator.inner_text: Timeout 30000ms exceeded.
Call log:
  - waiting for locator("strong[data-e2e=\"comment-count\"]").first

2025-12-17 12:38:35 - Failed to fetch metadata for https://www.tiktok.com/@minobongo25/video/7577471719133252886: Locator.inner_text: Timeout 30000ms exceeded.
Call log:
  - waiting for locator("strong[data-e2e=\"comment-count\"]").first

2025-12-17 12:38:35 - Failed to fetch metadata for https://www.tiktok.com/@youngmaazi/video/7581958486628584718: Locator.inner_text: Timeout 30000ms exceeded.
Call log:
  - waiting for locator("strong[data-e2e=\"comment-count\"]").first

2025-12-17 12:38:35 - Failed to fetch metadata for https://www.tiktok.com/@mohammed_lexus01/video/7566993877870087431: Locator.inner_text: Timeout 30000ms exceeded.
Call log:
  - waiting for locator("strong[data-e2e=\"comment-count\"]").first

2025-12-17 12:38:35 - Failed to fetch metadata for https://www.tiktok.com/@rexsenpaianimation3/video/7576078374553079048: Locator.inner_text: Timeout 30000ms exceeded.
Call log:
  - waiting for locator("strong[data-e2e=\"comment-count\"]").first

2025-12-17 12:38:35 - Failed to fetch metadata for https://www.tiktok.com/@koraspeed1/video/7581984846805732630: Locator.inner_text: Timeout 30000ms exceeded.
Call log:
  - waiting for locator("strong[data-e2e=\"comment-count\"]").first

2025-12-17 12:38:35 - Failed to fetch metadata for https://www.tiktok.com/@favour_tkb/video/7580402656913427733: Locator.inner_text: Timeout 30000ms exceeded.
Call log:
  - waiting for locator("strong[data-e2e=\"comment-count\"]").first

2025-12-17 12:38:35 - Failed to fetch metadata for https://www.tiktok.com/@ankonzala1/video/7581181942486322454: Locator.inner_text: Timeout 30000ms exceeded.
Call log:
  - waiting for locator("strong[data-e2e=\"comment-count\"]").first

2025-12-17 12:38:35 - Failed to fetch metadata for https://www.tiktok.com/@therealfilterdude/video/7570086665763507486: Locator.inner_text: Timeout 30000ms exceeded.
Call log:
  - waiting for locator("strong[data-e2e=\"comment-count\"]").first

2025-12-17 12:38:35 - Failed to fetch metadata for https://www.tiktok.com/@odblog1/video/7581243464793312530: Locator.inner_text: Timeout 30000ms exceeded.
Call log:
  - waiting for locator("strong[data-e2e=\"comment-count\"]").first

2025-12-17 12:38:35 - Failed to fetch metadata for https://www.tiktok.com/@valneri62/video/7582234543403388180: Locator.inner_text: Timeout 30000ms exceeded.
Call log:
  - waiting for locator("strong[data-e2e=\"comment-count\"]").first

2025-12-17 12:38:35 - Failed to fetch metadata for https://www.tiktok.com/@rexsenpaianimation3/video/7583331102186687765: Locator.inner_text: Timeout 30000ms exceeded.
Call log:
  - waiting for locator("strong[data-e2e=\"comment-count\"]").first

2025-12-17 12:38:35 - Failed to fetch metadata for https://www.tiktok.com/@ankonzala1/video/7581448354379484438: Locator.inner_text: Timeout 30000ms exceeded.
Call log:
  - waiting for locator("strong[data-e2e=\"comment-count\"]").first

2025-12-17 12:38:35 - Failed to fetch metadata for https://www.tiktok.com/@bongotrendydigital/video/7583404872305790230: Locator.inner_text: Timeout 30000ms exceeded.
Call log:
  - waiting for locator("strong[data-e2e=\"comment-count\"]").first

2025-12-17 12:38:35 - Failed to fetch metadata for https://www.tiktok.com/@bongotrendydigital/video/7580593137983245590: Locator.inner_text: Timeout 30000ms exceeded.
Call log:
  - waiting for locator("strong[data-e2e=\"comment-count\"]").first

2025-12-17 12:40:44 - Failed to fetch metadata for https://www.tiktok.com/@hiker_five/video/7565321983160880405: Locator.inner_text: Timeout 30000ms exceeded.
Call log:
  - waiting for locator("strong[data-e2e=\"comment-count\"]").first

2025-12-17 12:40:44 - Failed to fetch metadata for https://www.tiktok.com/@sinosivalemil/video/7562692925390392594: Locator.inner_text: Timeout 30000ms exceeded.
Call log:
  - waiting for locator("strong[data-e2e=\"comment-count\"]").first

2025-12-17 12:40:44 - Failed to fetch metadata for https://www.tiktok.com/@gigi_girlf/video/7566240911559085320: Locator.inner_text: Timeout 30000ms exceeded.
Call log:
  - waiting for locator("strong[data-e2e=\"comment-count\"]").first

2025-12-17 12:40:44 - Failed to fetch metadata for https://www.tiktok.com/@adjstreamclips/video/7581233244096498958: Locator.inner_text: Timeout 30000ms exceeded.
Call log:
  - waiting for locator("strong[data-e2e=\"comment-count\"]").first

2025-12-17 12:40:44 - Failed to fetch metadata for https://www.tiktok.com/@realpeller/video/7581475542734523668: Locator.inner_text: Timeout 30000ms exceeded.
Call log:
  - waiting for locator("strong[data-e2e=\"comment-count\"]").first

2025-12-17 12:40:44 - Failed to fetch metadata for https://www.tiktok.com/@cuteanimalfamily00/video/7575348266968075542: Locator.inner_text: Timeout 30000ms exceeded.
Call log:
  - waiting for locator("strong[data-e2e=\"comment-count\"]").first

2025-12-17 12:40:44 - Failed to fetch metadata for https://www.tiktok.com/@tthinha92927/video/7581834539492789522: Locator.inner_text: Timeout 30000ms exceeded.
Call log:
  - waiting for locator("strong[data-e2e=\"comment-count\"]").first

2025-12-17 12:40:44 - Failed to fetch metadata for https://www.tiktok.com/@jim7y/video/7558838555536067847: Locator.inner_text: Timeout 30000ms exceeded.
Call log:
  - waiting for locator("strong[data-e2e=\"comment-count\"]").first

2025-12-17 12:40:44 - Failed to fetch metadata for https://www.tiktok.com/@kawakawann/video/7581888829980740881: Locator.inner_text: Timeout 30000ms exceeded.
Call log:
  - waiting for locator("strong[data-e2e=\"comment-count\"]").first

2025-12-17 12:40:44 - Failed to fetch metadata for https://www.tiktok.com/@memefilters/video/7506536015159479574: Locator.inner_text: Timeout 30000ms exceeded.
Call log:
  - waiting for locator("strong[data-e2e=\"comment-count\"]").first

2025-12-17 12:40:44 - Failed to fetch metadata for https://www.tiktok.com/@greconunez__/video/7567553710990167308: Locator.inner_text: Timeout 30000ms exceeded.
Call log:
  - waiting for locator("strong[data-e2e=\"comment-count\"]").first

2025-12-17 12:40:44 - Failed to fetch metadata for https://www.tiktok.com/@adamalhidayat/video/7582173411540012306: Locator.inner_text: Timeout 30000ms exceeded.
Call log:
  - waiting for locator("strong[data-e2e=\"comment-count\"]").first

2025-12-17 12:40:44 - Failed to fetch metadata for https://www.tiktok.com/@valneri62/video/7582959680092114197: Locator.inner_text: Timeout 30000ms exceeded.
Call log:
  - waiting for locator("strong[data-e2e=\"comment-count\"]").first

2025-12-17 12:40:44 - Failed to fetch metadata for https://www.tiktok.com/@middy2697/video/7573810099861458188: Locator.inner_text: Timeout 30000ms exceeded.
Call log:
  - waiting for locator("strong[data-e2e=\"comment-count\"]").first

2025-12-17 12:40:44 - Failed to fetch metadata for https://www.tiktok.com/@calvinii04/video/7574044918184791352: Locator.inner_text: Timeout 30000ms exceeded.
Call log:
  - waiting for locator("strong[data-e2e=\"comment-count\"]").first

2025-12-17 12:40:44 - Failed to fetch metadata for https://www.tiktok.com/@cuteanimalfamily00/video/7568298306934263062: Locator.inner_text: Timeout 30000ms exceeded.
Call log:
  - waiting for locator("strong[data-e2e=\"comment-count\"]").first

2025-12-17 12:40:44 - Failed to fetch metadata for https://www.tiktok.com/@anonymous_blogtv/video/7581427496961281287: Locator.inner_text: Timeout 30000ms exceeded.
Call log:
  - waiting for locator("strong[data-e2e=\"comment-count\"]").first

2025-12-17 12:40:44 - Failed to fetch metadata for https://www.tiktok.com/@andressarnedo/video/7570822285183995158: Locator.inner_text: Timeout 30000ms exceeded.
Call log:
  - waiting for locator("strong[data-e2e=\"comment-count\"]").first

2025-12-17 12:40:44 - Failed to fetch metadata for https://www.tiktok.com/@rexsenpaianimation3/video/7571488469701168392: Locator.inner_text: Timeout 30000ms exceeded.
Call log:
  - waiting for locator("strong[data-e2e=\"comment-count\"]").first

2025-12-17 12:40:44 - Failed to fetch metadata for https://www.tiktok.com/@greconunez__/video/7551633633791053068: Locator.inner_text: Timeout 30000ms exceeded.
Call log:
  - waiting for locator("strong[data-e2e=\"comment-count\"]").first

2025-12-17 12:40:44 - Failed to fetch metadata for https://www.tiktok.com/@ceotariq/video/7567136812632771862: Locator.inner_text: Timeout 30000ms exceeded.
Call log:
  - waiting for locator("strong[data-e2e=\"comment-count\"]").first

2025-12-17 12:40:44 - Failed to fetch metadata for https://www.tiktok.com/@jayv0tg/video/7550704784077098241: Locator.inner_text: Timeout 30000ms exceeded.
Call log:
  - waiting for locator("strong[data-e2e=\"comment-count\"]").first

2025-12-17 12:40:44 - Failed to fetch metadata for https://www.tiktok.com/@bongotrendydigital/video/7580469896400604438: Locator.inner_text: Timeout 30000ms exceeded.
Call log:
  - waiting for locator("strong[data-e2e=\"comment-count\"]").first

2025-12-17 12:40:44 - Failed to fetch metadata for https://www.tiktok.com/@ankonzala1/video/7581764530099850518: Locator.inner_text: Timeout 30000ms exceeded.
Call log:
  - waiting for locator("strong[data-e2e=\"comment-count\"]").first

2025-12-17 12:40:44 - Failed to fetch metadata for https://www.tiktok.com/@anonymous_blogtv/video/7581243710881500434: Locator.inner_text: Timeout 30000ms exceeded.
Call log:
  - waiting for locator("strong[data-e2e=\"comment-count\"]").first

2025-12-17 12:40:44 - Failed to fetch metadata for https://www.tiktok.com/@woodsmonk/video/7568209623170190614: Locator.inner_text: Timeout 30000ms exceeded.
Call log:
  - waiting for locator("strong[data-e2e=\"comment-count\"]").first

2025-12-17 12:40:45 - Failed to fetch metadata for https://www.tiktok.com/@bongotrendydigital/video/7576242423865609494: Locator.inner_text: Timeout 30000ms exceeded.
Call log:
  - waiting for locator("strong[data-e2e=\"comment-count\"]").first

2025-12-17 12:40:45 - Failed to fetch metadata for https://www.tiktok.com/@ankonzala1/video/7558483596017962263: Locator.inner_text: Timeout 30000ms exceeded.
Call log:
  - waiting for locator("strong[data-e2e=\"comment-count\"]").first

2025-12-17 12:40:45 - Failed to fetch metadata for https://www.tiktok.com/@jherson_.10/video/7554476503002549511: Locator.inner_text: Timeout 30000ms exceeded.
Call log:
  - waiting for locator("strong[data-e2e=\"comment-count\"]").first

2025-12-17 12:42:54 - Failed to fetch metadata for https://www.tiktok.com/@jerskagoro/video/7555494534612798742: Locator.inner_text: Timeout 30000ms exceeded.
Call log:
  - waiting for locator("strong[data-e2e=\"comment-count\"]").first

2025-12-17 12:42:54 - Failed to fetch metadata for https://www.tiktok.com/@kencute20234/video/7551068181410958612: Locator.inner_text: Timeout 30000ms exceeded.
Call log:
  - waiting for locator("strong[data-e2e=\"comment-count\"]").first

2025-12-17 12:42:54 - Failed to fetch metadata for https://www.tiktok.com/@rexsenpaianimation3/video/7562580054333558024: Locator.inner_text: Timeout 30000ms exceeded.
Call log:
  - waiting for locator("strong[data-e2e=\"comment-count\"]").first

2025-12-17 12:42:54 - Failed to fetch metadata for https://www.tiktok.com/@storyzaleo/video/7561004375787818251: Locator.inner_text: Timeout 30000ms exceeded.
Call log:
  - waiting for locator("strong[data-e2e=\"comment-count\"]").first

2025-12-17 12:42:54 - Failed to fetch metadata for https://www.tiktok.com/@kidsdreamland2/video/7582253655920004373: Locator.inner_text: Timeout 30000ms exceeded.
Call log:
  - waiting for locator("strong[data-e2e=\"comment-count\"]").first

2025-12-17 12:42:54 - Failed to fetch metadata for https://www.tiktok.com/@ankonzala1/video/7552512720344567062: Locator.inner_text: Timeout 30000ms exceeded.
Call log:
  - waiting for locator("strong[data-e2e=\"comment-count\"]").first

2025-12-17 12:42:54 - Failed to fetch metadata for https://www.tiktok.com/@ankonzala1/video/7582664687276395778: Locator.inner_text: Timeout 30000ms exceeded.
Call log:
  - waiting for locator("strong[data-e2e=\"comment-count\"]").first

2025-12-17 12:42:54 - Failed to fetch metadata for https://www.tiktok.com/@greconunez__/video/7554594574358826252: Locator.inner_text: Timeout 30000ms exceeded.
Call log:
  - waiting for locator("strong[data-e2e=\"comment-count\"]").first

2025-12-17 12:42:54 - Failed to fetch metadata for https://www.tiktok.com/@arsenal/video/7581816280550755606: Locator.inner_text: Timeout 30000ms exceeded.
Call log:
  - waiting for locator("strong[data-e2e=\"comment-count\"]").first

2025-12-17 12:42:54 - Failed to fetch metadata for https://www.tiktok.com/@cuteanimalfamily00/video/7581662168328768790: Locator.inner_text: Timeout 30000ms exceeded.
Call log:
  - waiting for locator("strong[data-e2e=\"comment-count\"]").first

2025-12-17 12:42:54 - Failed to fetch metadata for https://www.tiktok.com/@lynz_mike/video/7575433823165451527: Locator.inner_text: Timeout 30000ms exceeded.
Call log:
  - waiting for locator("strong[data-e2e=\"comment-count\"]").first

2025-12-17 12:42:54 - Failed to fetch metadata for https://www.tiktok.com/@timtakesoff/video/7552905051149274401: Locator.inner_text: Timeout 30000ms exceeded.
Call log:
  - waiting for locator("strong[data-e2e=\"comment-count\"]").first

2025-12-17 12:42:54 - Failed to fetch metadata for https://www.tiktok.com/@mindfulsources/video/7568437051129974038: Locator.inner_text: Timeout 30000ms exceeded.
Call log:
  - waiting for locator("strong[data-e2e=\"comment-count\"]").first

2025-12-17 12:42:54 - Failed to fetch metadata for https://www.tiktok.com/@cuteanimalfamily00/video/7579431092164300054: Locator.inner_text: Timeout 30000ms exceeded.
Call log:
  - waiting for locator("strong[data-e2e=\"comment-count\"]").first

2025-12-17 12:42:54 - Failed to fetch metadata for https://www.tiktok.com/@cuteanimalfamily00/video/7581289962377678102: Locator.inner_text: Timeout 30000ms exceeded.
Call log:
  - waiting for locator("strong[data-e2e=\"comment-count\"]").first

2025-12-17 12:42:54 - Failed to fetch metadata for https://www.tiktok.com/@greconunez__/video/7566868816198716683: Locator.inner_text: Timeout 30000ms exceeded.
Call log:
  - waiting for locator("strong[data-e2e=\"comment-count\"]").first

2025-12-17 12:42:54 - Failed to fetch metadata for https://www.tiktok.com/@jarvislovers02/video/7580496690990370056: Locator.inner_text: Timeout 30000ms exceeded.
Call log:
  - waiting for locator("strong[data-e2e=\"comment-count\"]").first

2025-12-17 12:42:54 - Failed to fetch metadata for https://www.tiktok.com/@bongotrendydigital/video/7580016833672105238: Locator.inner_text: Timeout 30000ms exceeded.
Call log:
  - waiting for locator("strong[data-e2e=\"comment-count\"]").first

2025-12-17 12:42:54 - Failed to fetch metadata for https://www.tiktok.com/@bongotrendydigital/video/7583374977777274134: Locator.inner_text: Timeout 30000ms exceeded.
Call log:
  - waiting for locator("strong[data-e2e=\"comment-count\"]").first

2025-12-17 12:42:54 - Failed to fetch metadata for https://www.tiktok.com/@rexsenpaianimation3/video/7571111232829148423: Locator.inner_text: Timeout 30000ms exceeded.
Call log:
  - waiting for locator("strong[data-e2e=\"comment-count\"]").first

2025-12-17 12:42:54 - Failed to fetch metadata for https://www.tiktok.com/@cuteanimalfamily00/video/7580550884501851414: Locator.inner_text: Timeout 30000ms exceeded.
Call log:
  - waiting for locator("strong[data-e2e=\"comment-count\"]").first

2025-12-17 12:42:54 - Failed to fetch metadata for https://www.tiktok.com/@anhhatnhai2/video/7554691095448407304: Locator.inner_text: Timeout 30000ms exceeded.
Call log:
  - waiting for locator("strong[data-e2e=\"comment-count\"]").first

2025-12-17 12:42:54 - Failed to fetch metadata for https://www.tiktok.com/@bongotrendydigital/video/7582126447049886998: Locator.inner_text: Timeout 30000ms exceeded.
Call log:
  - waiting for locator("strong[data-e2e=\"comment-count\"]").first

2025-12-17 12:42:54 - Failed to fetch metadata for https://www.tiktok.com/@ankonzala1/video/7582106517084605718: Locator.inner_text: Timeout 30000ms exceeded.
Call log:
  - waiting for locator("strong[data-e2e=\"comment-count\"]").first

2025-12-17 12:42:54 - Failed to fetch metadata for https://www.tiktok.com/@kateelisabethh/video/7569970682340183318: Locator.inner_text: Timeout 30000ms exceeded.
Call log:
  - waiting for locator("strong[data-e2e=\"comment-count\"]").first

2025-12-17 12:42:54 - Failed to fetch metadata for https://www.tiktok.com/@bigfunnyview3/video/7579984180713393421: Locator.inner_text: Timeout 30000ms exceeded.
Call log:
  - waiting for locator("strong[data-e2e=\"comment-count\"]").first

2025-12-17 12:42:54 - Failed to fetch metadata for https://www.tiktok.com/@.leomen/video/7559890144463949068: Locator.inner_text: Timeout 30000ms exceeded.
Call log:
  - waiting for locator("strong[data-e2e=\"comment-count\"]").first

2025-12-17 12:42:54 - Failed to fetch metadata for https://www.tiktok.com/@9ine_9.ine_speed/video/7580487087464451350: Locator.inner_text: Timeout 30000ms exceeded.
Call log:
  - waiting for locator("strong[data-e2e=\"comment-count\"]").first

2025-12-17 12:42:54 - Failed to fetch metadata for https://www.tiktok.com/@jamie_g00/video/7581386628447472926: Locator.inner_text: Timeout 30000ms exceeded.
Call log:
  - waiting for locator("strong[data-e2e=\"comment-count\"]").first

2025-12-17 12:45:03 - Failed to fetch metadata for https://www.tiktok.com/@alibaba_j2/video/7581855763304500502: Locator.inner_text: Timeout 30000ms exceeded.
Call log:
  - waiting for locator("strong[data-e2e=\"comment-count\"]").first

2025-12-17 12:45:04 - Failed to fetch metadata for https://www.tiktok.com/@greconunez__/video/7557208483049803019: Locator.inner_text: Timeout 30000ms exceeded.
Call log:
  - waiting for locator("strong[data-e2e=\"comment-count\"]").first

2025-12-17 12:45:04 - Failed to fetch metadata for https://www.tiktok.com/@cuteanimalfamily00/video/7582034752044174614: Locator.inner_text: Timeout 30000ms exceeded.
Call log:
  - waiting for locator("strong[data-e2e=\"comment-count\"]").first

2025-12-17 12:45:04 - Failed to fetch metadata for https://www.tiktok.com/@duck.tv31/video/7582789629061909782: Locator.inner_text: Timeout 30000ms exceeded.
Call log:
  - waiting for locator("strong[data-e2e=\"comment-count\"]").first

2025-12-17 12:45:04 - Failed to fetch metadata for https://www.tiktok.com/@glowuppagegirl/video/7578831323125599510: Locator.inner_text: Timeout 30000ms exceeded.
Call log:
  - waiting for locator("strong[data-e2e=\"comment-count\"]").first

2025-12-17 12:45:04 - Failed to fetch metadata for https://www.tiktok.com/@ankonzala1/video/7576288583909264662: Locator.inner_text: Timeout 30000ms exceeded.
Call log:
  - waiting for locator("strong[data-e2e=\"comment-count\"]").first

2025-12-17 12:45:04 - Failed to fetch metadata for https://www.tiktok.com/@ankonzala1/video/7574119702922923286: Locator.inner_text: Timeout 30000ms exceeded.
Call log:
  - waiting for locator("strong[data-e2e=\"comment-count\"]").first

2025-12-17 12:45:04 - Failed to fetch metadata for https://www.tiktok.com/@dens_xyy/video/7576571646971104530: Locator.inner_text: Timeout 30000ms exceeded.
Call log:
  - waiting for locator("strong[data-e2e=\"comment-count\"]").first

2025-12-17 12:45:04 - Failed to fetch metadata for https://www.tiktok.com/@candicebjrkl/video/7580397466235718920: Locator.inner_text: Timeout 30000ms exceeded.
Call log:
  - waiting for locator("strong[data-e2e=\"comment-count\"]").first

2025-12-17 12:45:04 - Failed to fetch metadata for https://www.tiktok.com/@ankonzala1/video/7581484524471651607: Locator.inner_text: Timeout 30000ms exceeded.
Call log:
  - waiting for locator("strong[data-e2e=\"comment-count\"]").first

2025-12-17 12:45:04 - Failed to fetch metadata for https://www.tiktok.com/@lycon_blog002/video/7580476779974937870: Locator.inner_text: Timeout 30000ms exceeded.
Call log:
  - waiting for locator("strong[data-e2e=\"comment-count\"]").first

2025-12-17 12:45:04 - Failed to fetch metadata for https://www.tiktok.com/@cakesplaysgames/video/7554506047428365599: Locator.inner_text: Timeout 30000ms exceeded.
Call log:
  - waiting for locator("strong[data-e2e=\"comment-count\"]").first

2025-12-17 12:45:04 - Failed to fetch metadata for https://www.tiktok.com/@ankonzala1/video/7582140158946856214: Locator.inner_text: Timeout 30000ms exceeded.
Call log:
  - waiting for locator("strong[data-e2e=\"comment-count\"]").first

2025-12-17 12:45:04 - Failed to fetch metadata for https://www.tiktok.com/@rexsenpaianimation3/video/7582935404827905301: Locator.inner_text: Timeout 30000ms exceeded.
Call log:
  - waiting for locator("strong[data-e2e=\"comment-count\"]").first

2025-12-17 12:45:04 - Failed to fetch metadata for https://www.tiktok.com/@valneri62/video/7582183340774624533: Locator.inner_text: Timeout 30000ms exceeded.
Call log:
  - waiting for locator("strong[data-e2e=\"comment-count\"]").first

2025-12-17 12:45:04 - Failed to fetch metadata for https://www.tiktok.com/@bi_benard/video/7582012098406927636: Locator.inner_text: Timeout 30000ms exceeded.
Call log:
  - waiting for locator("strong[data-e2e=\"comment-count\"]").first

2025-12-17 12:45:04 - Failed to fetch metadata for https://www.tiktok.com/@anthony4_._2/video/7572772570164907286: Locator.inner_text: Timeout 30000ms exceeded.
Call log:
  - waiting for locator("strong[data-e2e=\"comment-count\"]").first

2025-12-17 12:45:04 - Failed to fetch metadata for https://www.tiktok.com/@bongotrendydigital/video/7583391410775231766: Locator.inner_text: Timeout 30000ms exceeded.
Call log:
  - waiting for locator("strong[data-e2e=\"comment-count\"]").first

2025-12-17 12:45:04 - Failed to fetch metadata for https://www.tiktok.com/@ankonzala1/video/7581850248612515094: Locator.inner_text: Timeout 30000ms exceeded.
Call log:
  - waiting for locator("strong[data-e2e=\"comment-count\"]").first

2025-12-17 12:45:04 - Failed to fetch metadata for https://www.tiktok.com/@cuteanimalfamily00/video/7582399959673097494: Locator.inner_text: Timeout 30000ms exceeded.
Call log:
  - waiting for locator("strong[data-e2e=\"comment-count\"]").first

2025-12-17 12:45:04 - Failed to fetch metadata for https://www.tiktok.com/@bongotrendydigital/video/7575861587349638422: Locator.inner_text: Timeout 30000ms exceeded.
Call log:
  - waiting for locator("strong[data-e2e=\"comment-count\"]").first

2025-12-17 12:45:04 - Failed to fetch metadata for https://www.tiktok.com/@cuteanimalfamily00/video/7579801988750281986: Locator.inner_text: Timeout 30000ms exceeded.
Call log:
  - waiting for locator("strong[data-e2e=\"comment-count\"]").first

